* using log directory ‘/Users/cuizhe/Documents/GitHub/interacCircos/..Rcheck’
* using R version 3.6.1 (2019-07-05)
* using platform: x86_64-apple-darwin13.4.0 (64-bit)
* using session charset: UTF-8
* checking for file ‘./DESCRIPTION’ ... OK
* checking extension type ... Package
* this is package ‘interacCircos’ version ‘1.0.0’
* package encoding: UTF-8
* checking package namespace information ... OK
* checking package dependencies ... ERROR
Packages required but not available: 'htmlwidgets', 'jsonlite', 'plyr'

Packages suggested but not available: 'knitr', 'rmarkdown'

VignetteBuilder package required for checking but not installed: ‘knitr’

The suggested packages are required for a complete check.
Checking can be attempted without them by setting the environment
variable _R_CHECK_FORCE_SUGGESTS_ to a false value.

See section ‘The DESCRIPTION file’ in the ‘Writing R Extensions’
manual.
* DONE
Status: 1 ERROR
